; Файл RarFiles.lst для архиватора RAR/WinRAR
; Порядок файлов для помещения в непрерывные (solid) архивы
;
; Вы можете сами модифицировать этот список файлов, указывающий
; архиватору, в каком порядке добавлять файлы в непрерывный архив.
;
; В этом файле можно указывать имена файлов, маски файлов (шаблоны),
; а также особый элемент - $default. Этот элемент определяет место в списке
; для тех файлов, которые не соответствуют никакому другому критерию,
; указанному в этом файле. Строки, начинающиеся с точки с запятой (;),
; считаются комментариями и не обрабатываются.
;
; Поместите этот файл в каталог c RAR.EXE и/или WinRAR.EXE.
;
; Как повысить степень сжатия и скорость операций:
;
; - файлы, содержащие похожую информацию, должны быть сгруппированы в
;   непрерывном архиве максимально близко;
; - файлы, к которым вы планируете обращаться чаще всего, должны находиться
;   в начале непрерывного архива.
;
; Обычно маски следует располагать ближе к началу списка, чтобы они имели
; более высокий приоритет. Учтите, однако, что если в RarFiles.lst указаны
; такие две маски, для которых выполняется условие, что все файлы, подходящие
; под первую маску, также подходят и под вторую, более высокий приоритет
; будет у маски, указывающей на меньшее подмножество, вне зависимости
; от её расположения. Например, при указании масок *.cpp и f*.cpp более
; высокий приоритет окажется у маски f*.cpp, поэтому расположение в архиве
; файла "filename.cpp" будет выбрано в соответствии с маской "f*.cpp",
; а не с "*.cpp".
;
file_id.diz
descript.ion
read.*
readme.*
*.nfo
*.doc
*.txt
*.htm
*.html
*.shtml
*.css
*.xsl
*.xml
*.js
*.php
*.lst
*.log
*.ini
*.bat
*.cmd
*.ps1
*.h
*.hpp
*.c
*.cpp
*.java
*.asm
*.bas
*.bak
*.cue
*.rtf
*.hlp
*.inf
*.com
*.exe
*.dll
*.obj
*.lib
*.sys
*.drv
*.bin
*.bmp
*.wav
$default
*.mp3
*.mp4
*.m4a
*.mov
*.avi
*.wmv
*.wma
*.gif
*.tif
*.png
*.jpg
*.jxl
*.chm
*.pdf
*.cab
*.7z
*.arj
*.ha
*.lz
*.lzh
*.rar
*.zip
*.gz
*.bz2
*.xz
*.zst
*.zstd
*.jar
*.avif
*.fla
*.flac
*.heif
*.ape
*.bik
*.mkv
*.webp
